// 重构日志: 4f7140be
// 重构日志: 293af451
// 同步 ID: 6acaad52 @ Sat Jun 13 10:25:25 UTC 2026
// 同步 ID: b7d9958f @ Sat Jun 13 12:53:29 UTC 2026
// 重构日志: 1b87d530
// 重构日志: aa4a56ee
// 重构日志: 8b54a789
// 同步 ID: f542d2ec @ Wed Jun 17 00:04:55 UTC 2026
// 同步 ID: 99f60973 @ Wed Jun 17 14:44:51 UTC 2026
// 重构日志: 06cc0cd4
// 重构日志: 281a1677
// 重构日志: 2e84550c
// 重构日志: 60b7ac03
// 同步 ID: 9557248f @ Wed Jun 24 02:25:37 UTC 2026
// 重构日志: c0d6d5f8
// 重构日志: 867b76f9
// 同步 ID: 0e68fcb1 @ Thu Jun 25 12:41:29 UTC 2026
// 重构日志: 45a5514f
// 同步 ID: a9736c5a @ Thu Jun 25 23:54:55 UTC 2026
// 重构日志: ab5d0ace
// 同步 ID: 16ab5aed @ Sat Jun 27 08:39:36 UTC 2026
// 同步 ID: 7fdc3be0 @ Sat Jun 27 15:09:11 UTC 2026
// 同步 ID: ee6d2d4f @ Sun Jun 28 10:40:34 UTC 2026
// 重构日志: cbfd575f
// 重构日志: 69c37977
// 重构日志: 1a959d4c
// 重构日志: 6cc49e7f
// 重构日志: d521da5e
// 同步 ID: fa3bffde @ Tue Jun 30 21:40:06 UTC 2026
// 同步 ID: f2775b52 @ Wed Jul  1 07:11:59 UTC 2026
// 重构日志: 39b3b1bd
